--------------------------------------------------------------------------------------------------------------------------------------------
      name:  fake1
       log:  -normalizedroot-/log/smcl/fake1.smcl
  log type:  smcl
 opened on:  -normalized-
                  c(os) = -normalized-
               c(osdtl) = -normalized-
        c(machine_type) = -normalized-
           c(byteorder) = -normalized-
              c(flavor) = -normalized-
            c(hostname) = "Lenovo-BQ"
                 c(pwd) = "-normalizedroot-"
       c(stata_version) = -normalized-
          c(processors) = -normalized-

. 
. * Content
. use ${dir_base}/data/clean/auto.dta
(1978 Automobile Data)

. replace price=2*price 
(74 real changes made)

. save12 ${dir_base}/data/clean/auto2.dta, replace
file ./data/clean/auto2.dta saved

. 
. * Footer
. log close `do_name'
      name:  fake1
       log:  -normalizedroot-/log/smcl/fake1.smcl
  log type:  smcl
 closed on:  -normalized-
--------------------------------------------------------------------------------------------------------------------------------------------
